Build started 22-Dec-15 17:40:00.
     1>Project "C:\Users\Alan Easdale\Documents\Visual Studio 2013\Projects\Sparky\Sparky-core\Sparky-core.vcxproj" on node 2 (Build target(s)).
     1>ClCompile:
         C:\Program Files (x86)\Microsoft Visual Studio 12.0\VC\bin\CL.exe /c /Zi /nologo /W3 /WX- /sdl /O2 /Ob2 /Oi /Ot /Oy- /GL /D GLEW_STATIC /D _CRT_SECURE_NO_WARNINGS /D _MBCS /Gm- /EHsc /MD /GS /Gy /arch:SSE2 /fp:fast /Zc:wchar_t /Zc:forScope /Fo"C:\Users\Alan Easdale\Documents\Visual Studio 2013\Projects\Sparky\bin\Release\Intermediates\\" /Fd"C:\Users\Alan Easdale\Documents\Visual Studio 2013\Projects\Sparky\bin\Release\Intermediates\vc120.pdb" /Gd /TP /analyze- /errorReport:prompt main.cpp
         main.cpp
     1>c:\users\alan easdale\documents\visual studio 2013\projects\sparky\sparky-core\src\maths\maths_func.h(10): warning C4244: 'return' : conversion from 'double' to 'float', possible loss of data
     1>C:\Program Files (x86)\Windows Kits\8.1\Include\shared\minwindef.h(130): warning C4005: 'APIENTRY' : macro redefinition
                 C:\Users\Alan Easdale\Documents\Visual Studio 2013\Projects\Sparky\Dependancies\GLFW\include\GLFW/glfw3.h(85) : see previous definition of 'APIENTRY'
       Link:
         C:\Program Files (x86)\Microsoft Visual Studio 12.0\VC\bin\link.exe /ERRORREPORT:PROMPT /OUT:"C:\Users\Alan Easdale\Documents\Visual Studio 2013\Projects\Sparky\bin\Release\Sparky-core.exe" /NOLOGO glfw3.lib glew32s.lib opengl32.lib kernel32.lib user32.lib gdi32.lib winspool.lib comdlg32.lib advapi32.lib shell32.lib ole32.lib oleaut32.lib uuid.lib odbc32.lib odbccp32.lib /MANIFEST /MANIFESTUAC:"level='asInvoker' uiAccess='false'" /manifest:embed /DEBUG /PDB:"C:\Users\Alan Easdale\Documents\Visual Studio 2013\Projects\Sparky\bin\Release\Sparky-core.pdb" /OPT:REF /OPT:ICF /LTCG /TLBID:1 /DYNAMICBASE /NXCOMPAT /IMPLIB:"C:\Users\Alan Easdale\Documents\Visual Studio 2013\Projects\Sparky\bin\Release\Sparky-core.lib" /MACHINE:X86 /SAFESEH "C:\Users\Alan Easdale\Documents\Visual Studio 2013\Projects\Sparky\bin\Release\Intermediates\main.obj"
         "C:\Users\Alan Easdale\Documents\Visual Studio 2013\Projects\Sparky\bin\Release\Intermediates\BatchRenderer2D.obj"
         "C:\Users\Alan Easdale\Documents\Visual Studio 2013\Projects\Sparky\bin\Release\Intermediates\buffer.obj"
         "C:\Users\Alan Easdale\Documents\Visual Studio 2013\Projects\Sparky\bin\Release\Intermediates\indexbuffer.obj"
         "C:\Users\Alan Easdale\Documents\Visual Studio 2013\Projects\Sparky\bin\Release\Intermediates\vertexarray.obj"
         "C:\Users\Alan Easdale\Documents\Visual Studio 2013\Projects\Sparky\bin\Release\Intermediates\layer.obj"
         "C:\Users\Alan Easdale\Documents\Visual Studio 2013\Projects\Sparky\bin\Release\Intermediates\tilelayer.obj"
         "C:\Users\Alan Easdale\Documents\Visual Studio 2013\Projects\Sparky\bin\Release\Intermediates\simple2drenderer.obj"
         "C:\Users\Alan Easdale\Documents\Visual Studio 2013\Projects\Sparky\bin\Release\Intermediates\shader.obj"
         "C:\Users\Alan Easdale\Documents\Visual Studio 2013\Projects\Sparky\bin\Release\Intermediates\sprite.obj"
         "C:\Users\Alan Easdale\Documents\Visual Studio 2013\Projects\Sparky\bin\Release\Intermediates\static_sprite.obj"
         "C:\Users\Alan Easdale\Documents\Visual Studio 2013\Projects\Sparky\bin\Release\Intermediates\window.obj"
         "C:\Users\Alan Easdale\Documents\Visual Studio 2013\Projects\Sparky\bin\Release\Intermediates\mat4.obj"
         "C:\Users\Alan Easdale\Documents\Visual Studio 2013\Projects\Sparky\bin\Release\Intermediates\vec2.obj"
         "C:\Users\Alan Easdale\Documents\Visual Studio 2013\Projects\Sparky\bin\Release\Intermediates\vec3.obj"
         "C:\Users\Alan Easdale\Documents\Visual Studio 2013\Projects\Sparky\bin\Release\Intermediates\vec4.obj"
     1>LINK : warning LNK4098: defaultlib 'LIBCMT' conflicts with use of other libs; use /NODEFAULTLIB:library
         Generating code
         Finished generating code
     1>glew32s.lib(glew.obj) : warning LNK4099: PDB 'vc120.pdb' was not found with 'glew32s.lib(glew.obj)' or at 'C:\Users\Alan Easdale\Documents\Visual Studio 2013\Projects\Sparky\bin\Release\vc120.pdb'; linking object as if no debug info
         Sparky-core.vcxproj -> C:\Users\Alan Easdale\Documents\Visual Studio 2013\Projects\Sparky\bin\Release\Sparky-core.exe
     1>Done Building Project "C:\Users\Alan Easdale\Documents\Visual Studio 2013\Projects\Sparky\Sparky-core\Sparky-core.vcxproj" (Build target(s)).

Build succeeded.

Time Elapsed 00:00:02.38
