c:\users\alan easdale\documents\visual studio 2013\projects\sparky\bin\release\intermediates\vc120.pdb
c:\users\alan easdale\documents\visual studio 2013\projects\sparky\bin\release\intermediates\vec4.obj
c:\users\alan easdale\documents\visual studio 2013\projects\sparky\bin\release\intermediates\vec3.obj
c:\users\alan easdale\documents\visual studio 2013\projects\sparky\bin\release\intermediates\vec2.obj
c:\users\alan easdale\documents\visual studio 2013\projects\sparky\bin\release\intermediates\mat4.obj
c:\users\alan easdale\documents\visual studio 2013\projects\sparky\bin\release\intermediates\window.obj
c:\users\alan easdale\documents\visual studio 2013\projects\sparky\bin\release\intermediates\static_sprite.obj
c:\users\alan easdale\documents\visual studio 2013\projects\sparky\bin\release\intermediates\sprite.obj
c:\users\alan easdale\documents\visual studio 2013\projects\sparky\bin\release\intermediates\shader.obj
c:\users\alan easdale\documents\visual studio 2013\projects\sparky\bin\release\intermediates\simple2drenderer.obj
c:\users\alan easdale\documents\visual studio 2013\projects\sparky\bin\release\intermediates\tilelayer.obj
c:\users\alan easdale\documents\visual studio 2013\projects\sparky\bin\release\intermediates\layer.obj
c:\users\alan easdale\documents\visual studio 2013\projects\sparky\bin\release\intermediates\vertexarray.obj
c:\users\alan easdale\documents\visual studio 2013\projects\sparky\bin\release\intermediates\indexbuffer.obj
c:\users\alan easdale\documents\visual studio 2013\projects\sparky\bin\release\intermediates\buffer.obj
c:\users\alan easdale\documents\visual studio 2013\projects\sparky\bin\release\intermediates\batchrenderer2d.obj
c:\users\alan easdale\documents\visual studio 2013\projects\sparky\bin\release\intermediates\main.obj
c:\users\alan easdale\documents\visual studio 2013\projects\sparky\bin\release\sparky-core.exe
c:\users\alan easdale\documents\visual studio 2013\projects\sparky\bin\release\sparky-core.pdb
c:\users\alan easdale\documents\visual studio 2013\projects\sparky\bin\release\intermediates\sparky-core.tlog\cl.command.1.tlog
c:\users\alan easdale\documents\visual studio 2013\projects\sparky\bin\release\intermediates\sparky-core.tlog\cl.read.1.tlog
c:\users\alan easdale\documents\visual studio 2013\projects\sparky\bin\release\intermediates\sparky-core.tlog\cl.write.1.tlog
c:\users\alan easdale\documents\visual studio 2013\projects\sparky\bin\release\intermediates\sparky-core.tlog\link.command.1.tlog
c:\users\alan easdale\documents\visual studio 2013\projects\sparky\bin\release\intermediates\sparky-core.tlog\link.read.1.tlog
c:\users\alan easdale\documents\visual studio 2013\projects\sparky\bin\release\intermediates\sparky-core.tlog\link.write.1.tlog
