c:\users\alan easdale\documents\visual studio 2013\projects\sparky back up ep 11 layers\bin\debug\intermediates\vc120.pdb
c:\users\alan easdale\documents\visual studio 2013\projects\sparky back up ep 11 layers\bin\debug\intermediates\vc120.idb
c:\users\alan easdale\documents\visual studio 2013\projects\sparky back up ep 11 layers\bin\debug\intermediates\main.obj
c:\users\alan easdale\documents\visual studio 2013\projects\sparky back up ep 11 layers\bin\debug\intermediates\batchrenderer2d.obj
c:\users\alan easdale\documents\visual studio 2013\projects\sparky back up ep 11 layers\bin\debug\intermediates\buffer.obj
c:\users\alan easdale\documents\visual studio 2013\projects\sparky back up ep 11 layers\bin\debug\intermediates\indexbuffer.obj
c:\users\alan easdale\documents\visual studio 2013\projects\sparky back up ep 11 layers\bin\debug\intermediates\vertexarray.obj
c:\users\alan easdale\documents\visual studio 2013\projects\sparky back up ep 11 layers\bin\debug\intermediates\layer.obj
c:\users\alan easdale\documents\visual studio 2013\projects\sparky back up ep 11 layers\bin\debug\intermediates\tilelayer.obj
c:\users\alan easdale\documents\visual studio 2013\projects\sparky back up ep 11 layers\bin\debug\intermediates\simple2drenderer.obj
c:\users\alan easdale\documents\visual studio 2013\projects\sparky back up ep 11 layers\bin\debug\intermediates\shader.obj
c:\users\alan easdale\documents\visual studio 2013\projects\sparky back up ep 11 layers\bin\debug\intermediates\sprite.obj
c:\users\alan easdale\documents\visual studio 2013\projects\sparky back up ep 11 layers\bin\debug\intermediates\static_sprite.obj
c:\users\alan easdale\documents\visual studio 2013\projects\sparky back up ep 11 layers\bin\debug\intermediates\window.obj
c:\users\alan easdale\documents\visual studio 2013\projects\sparky back up ep 11 layers\bin\debug\intermediates\mat4.obj
c:\users\alan easdale\documents\visual studio 2013\projects\sparky back up ep 11 layers\bin\debug\intermediates\vec2.obj
c:\users\alan easdale\documents\visual studio 2013\projects\sparky back up ep 11 layers\bin\debug\intermediates\vec3.obj
c:\users\alan easdale\documents\visual studio 2013\projects\sparky back up ep 11 layers\bin\debug\intermediates\vec4.obj
c:\users\alan easdale\documents\visual studio 2013\projects\sparky back up ep 11 layers\bin\debug\sparky-core.ilk
c:\users\alan easdale\documents\visual studio 2013\projects\sparky back up ep 11 layers\bin\debug\sparky-core.exe
c:\users\alan easdale\documents\visual studio 2013\projects\sparky back up ep 11 layers\bin\debug\sparky-core.pdb
c:\users\alan easdale\documents\visual studio 2013\projects\sparky\bin\debug\intermediates\batchrenderer2d.obj
c:\users\alan easdale\documents\visual studio 2013\projects\sparky\bin\debug\intermediates\buffer.obj
c:\users\alan easdale\documents\visual studio 2013\projects\sparky\bin\debug\intermediates\indexbuffer.obj
c:\users\alan easdale\documents\visual studio 2013\projects\sparky\bin\debug\intermediates\layer.obj
c:\users\alan easdale\documents\visual studio 2013\projects\sparky\bin\debug\intermediates\main.obj
c:\users\alan easdale\documents\visual studio 2013\projects\sparky\bin\debug\intermediates\mat4.obj
c:\users\alan easdale\documents\visual studio 2013\projects\sparky\bin\debug\intermediates\shader.obj
c:\users\alan easdale\documents\visual studio 2013\projects\sparky\bin\debug\intermediates\simple2drenderer.obj
c:\users\alan easdale\documents\visual studio 2013\projects\sparky\bin\debug\intermediates\sprite.obj
c:\users\alan easdale\documents\visual studio 2013\projects\sparky\bin\debug\intermediates\static_sprite.obj
c:\users\alan easdale\documents\visual studio 2013\projects\sparky\bin\debug\intermediates\tilelayer.obj
c:\users\alan easdale\documents\visual studio 2013\projects\sparky\bin\debug\intermediates\vec2.obj
c:\users\alan easdale\documents\visual studio 2013\projects\sparky\bin\debug\intermediates\vec3.obj
c:\users\alan easdale\documents\visual studio 2013\projects\sparky\bin\debug\intermediates\vec4.obj
c:\users\alan easdale\documents\visual studio 2013\projects\sparky\bin\debug\intermediates\vertexarray.obj
c:\users\alan easdale\documents\visual studio 2013\projects\sparky\bin\debug\intermediates\window.obj
c:\users\alan easdale\documents\visual studio 2013\projects\sparky\bin\debug\intermediates\vc120.idb
c:\users\alan easdale\documents\visual studio 2013\projects\sparky\bin\debug\intermediates\vc120.pdb
c:\users\alan easdale\documents\visual studio 2013\projects\sparky\bin\debug\sparky-core.pdb
c:\users\alan easdale\documents\visual studio 2013\projects\sparky\bin\debug\sparky-core.exe
c:\users\alan easdale\documents\visual studio 2013\projects\sparky\bin\debug\sparky-core.ilk
c:\users\alan easdale\documents\visual studio 2013\projects\sparky\bin\debug\intermediates\sparky-core.tlog\cl.command.1.tlog
c:\users\alan easdale\documents\visual studio 2013\projects\sparky\bin\debug\intermediates\sparky-core.tlog\cl.read.1.tlog
c:\users\alan easdale\documents\visual studio 2013\projects\sparky\bin\debug\intermediates\sparky-core.tlog\cl.write.1.tlog
c:\users\alan easdale\documents\visual studio 2013\projects\sparky\bin\debug\intermediates\sparky-core.tlog\link.command.1.tlog
c:\users\alan easdale\documents\visual studio 2013\projects\sparky\bin\debug\intermediates\sparky-core.tlog\link.read.1.tlog
c:\users\alan easdale\documents\visual studio 2013\projects\sparky\bin\debug\intermediates\sparky-core.tlog\link.write.1.tlog
