Build started 31-Dec-15 15:48:47.
     1>Project "C:\Users\Alan Easdale\Documents\Visual Studio 2013\Projects\Sparky\Sparky-core\Sparky-core.vcxproj" on node 2 (Build target(s)).
     1>ClCompile:
         C:\Program Files (x86)\Microsoft Visual Studio 12.0\VC\bin\CL.exe /c /ZI /nologo /W3 /WX- /sdl /Od /Oy- /D GLEW_STATIC /D _CRT_SECURE_NO_WARNINGS /D _MBCS /Gm /EHsc /RTCu /MDd /GS /fp:precise /Zc:wchar_t /Zc:forScope /Fo"C:\Users\Alan Easdale\Documents\Visual Studio 2013\Projects\Sparky\bin\Debug\Intermediates\\" /Fd"C:\Users\Alan Easdale\Documents\Visual Studio 2013\Projects\Sparky\bin\Debug\Intermediates\vc120.pdb" /Gd /TP /analyze- /errorReport:prompt src\graphics\texture.cpp
         texture.cpp
       Link:
         C:\Program Files (x86)\Microsoft Visual Studio 12.0\VC\bin\link.exe /ERRORREPORT:PROMPT /OUT:"C:\Users\Alan Easdale\Documents\Visual Studio 2013\Projects\Sparky\bin\Debug\Sparky-core.exe" /INCREMENTAL /NOLOGO glfw3.lib glew32s.lib opengl32.lib FreeImage.lib kernel32.lib user32.lib gdi32.lib winspool.lib comdlg32.lib advapi32.lib shell32.lib ole32.lib oleaut32.lib uuid.lib odbc32.lib odbccp32.lib /MANIFEST /MANIFESTUAC:"level='asInvoker' uiAccess='false'" /manifest:embed /DEBUG /PDB:"C:\Users\Alan Easdale\Documents\Visual Studio 2013\Projects\Sparky\bin\Debug\Sparky-core.pdb" /SUBSYSTEM:CONSOLE /TLBID:1 /DYNAMICBASE /NXCOMPAT /IMPLIB:"C:\Users\Alan Easdale\Documents\Visual Studio 2013\Projects\Sparky\bin\Debug\Sparky-core.lib" /MACHINE:X86 "C:\Users\Alan Easdale\Documents\Visual Studio 2013\Projects\Sparky\bin\Debug\Intermediates\main.obj"
         "C:\Users\Alan Easdale\Documents\Visual Studio 2013\Projects\Sparky\bin\Debug\Intermediates\BatchRenderer2D.obj"
         "C:\Users\Alan Easdale\Documents\Visual Studio 2013\Projects\Sparky\bin\Debug\Intermediates\buffer.obj"
         "C:\Users\Alan Easdale\Documents\Visual Studio 2013\Projects\Sparky\bin\Debug\Intermediates\indexbuffer.obj"
         "C:\Users\Alan Easdale\Documents\Visual Studio 2013\Projects\Sparky\bin\Debug\Intermediates\vertexarray.obj"
         "C:\Users\Alan Easdale\Documents\Visual Studio 2013\Projects\Sparky\bin\Debug\Intermediates\group.obj"
         "C:\Users\Alan Easdale\Documents\Visual Studio 2013\Projects\Sparky\bin\Debug\Intermediates\layer.obj"
         "C:\Users\Alan Easdale\Documents\Visual Studio 2013\Projects\Sparky\bin\Debug\Intermediates\tilelayer.obj"
         "C:\Users\Alan Easdale\Documents\Visual Studio 2013\Projects\Sparky\bin\Debug\Intermediates\simple2drenderer.obj"
         "C:\Users\Alan Easdale\Documents\Visual Studio 2013\Projects\Sparky\bin\Debug\Intermediates\shader.obj"
         "C:\Users\Alan Easdale\Documents\Visual Studio 2013\Projects\Sparky\bin\Debug\Intermediates\sprite.obj"
         "C:\Users\Alan Easdale\Documents\Visual Studio 2013\Projects\Sparky\bin\Debug\Intermediates\static_sprite.obj"
         "C:\Users\Alan Easdale\Documents\Visual Studio 2013\Projects\Sparky\bin\Debug\Intermediates\texture.obj"
         "C:\Users\Alan Easdale\Documents\Visual Studio 2013\Projects\Sparky\bin\Debug\Intermediates\window.obj"
         "C:\Users\Alan Easdale\Documents\Visual Studio 2013\Projects\Sparky\bin\Debug\Intermediates\mat4.obj"
         "C:\Users\Alan Easdale\Documents\Visual Studio 2013\Projects\Sparky\bin\Debug\Intermediates\vec2.obj"
         "C:\Users\Alan Easdale\Documents\Visual Studio 2013\Projects\Sparky\bin\Debug\Intermediates\vec3.obj"
         "C:\Users\Alan Easdale\Documents\Visual Studio 2013\Projects\Sparky\bin\Debug\Intermediates\vec4.obj"
         Sparky-core.vcxproj -> C:\Users\Alan Easdale\Documents\Visual Studio 2013\Projects\Sparky\bin\Debug\Sparky-core.exe
     1>Done Building Project "C:\Users\Alan Easdale\Documents\Visual Studio 2013\Projects\Sparky\Sparky-core\Sparky-core.vcxproj" (Build target(s)).

Build succeeded.

Time Elapsed 00:00:01.50
